<?xml version="1.0" encoding="utf-8"?><testsuites name="pytest tests"><testsuite name="pytest" errors="0" failures="0" skipped="0" tests="13" time="166.722" timestamp="2026-05-04T08:31:11.389044+00:00" hostname="agent-env-6103e272-cc32-4dd9-ac33-3d5c56c15088"><testcase classname="backend.tests.test_climate_species" name="test_root" time="0.206" /><testcase classname="backend.tests.test_climate_species" name="test_suitability_climate_code[Delhi-28.6139-77.209-Am]" time="4.334" /><testcase classname="backend.tests.test_climate_species" name="test_suitability_climate_code[Tokyo-35.6762-139.6503-Cfa]" time="3.120" /><testcase classname="backend.tests.test_climate_species" name="test_suitability_climate_code[Sahara-22.0-15.0-BWh]" time="15.041" /><testcase classname="backend.tests.test_climate_species" name="test_suitability_determinism_same_coords" time="2.196" /><testcase classname="backend.tests.test_climate_species" name="test_species_categorised_structure_plantable_point" time="35.673" /><testcase classname="backend.tests.test_climate_species" name="test_species_determinism_same_coords" time="0.157" /><testcase classname="backend.tests.test_climate_species" name="test_species_variation_across_far_apart_locations" time="41.379" /><testcase classname="backend.tests.test_climate_species" name="test_non_plantable_pin_river_or_road" time="17.972" /><testcase classname="backend.tests.test_climate_species" name="test_species_blocked_for_non_plantable" time="0.091" /><testcase classname="backend.tests.test_climate_species" name="test_zones_still_works" time="0.049" /><testcase classname="backend.tests.test_climate_species" name="test_zones_deterministic" time="0.089" /><testcase classname="backend.tests.test_climate_species" name="test_fallback_remote_ocean" time="46.325" /></testsuite></testsuites>