<?xml version="1.0" encoding="utf-8"?><testsuites name="pytest tests"><testsuite name="pytest" errors="0" failures="0" skipped="0" tests="31" time="18.403" timestamp="2026-05-01T17:29:36.766826+00:00" hostname="agent-env-c05f5f09-b74d-4ee6-b5f7-8e3714597141"><testcase classname="backend.tests.backend_test" name="test_root" time="0.197" /><testcase classname="backend.tests.backend_test" name="test_register_duplicate" time="0.515" /><testcase classname="backend.tests.backend_test" name="test_login_valid" time="0.292" /><testcase classname="backend.tests.backend_test" name="test_login_wrong_password" time="0.282" /><testcase classname="backend.tests.backend_test" name="test_auth_me" time="0.058" /><testcase classname="backend.tests.backend_test" name="test_auth_me_no_token" time="0.048" /><testcase classname="backend.tests.backend_test" name="test_suitability" time="0.051" /><testcase classname="backend.tests.backend_test" name="test_suitability_deterministic" time="0.098" /><testcase classname="backend.tests.backend_test" name="test_zones" time="0.055" /><testcase classname="backend.tests.backend_test" name="test_species_recommendation" time="13.494" /><testcase classname="backend.tests.backend_test" name="test_create_planting_requires_auth" time="0.054" /><testcase classname="backend.tests.backend_test" name="test_create_planting_increments_count" time="0.425" /><testcase classname="backend.tests.backend_test" name="test_list_plantings" time="0.053" /><testcase classname="backend.tests.backend_test" name="test_create_post_requires_auth" time="0.053" /><testcase classname="backend.tests.backend_test" name="test_list_posts" time="0.102" /><testcase classname="backend.tests.backend_test" name="test_like_post" time="0.103" /><testcase classname="backend.tests.backend_test" name="test_like_post_404" time="0.047" /><testcase classname="backend.tests.backend_test" name="test_community_stats" time="0.047" /><testcase classname="backend.tests.backend_test" name="test_sponsor_tiers" time="0.049" /><testcase classname="backend.tests.backend_test" name="test_create_campaign_requires_auth" time="0.044" /><testcase classname="backend.tests.backend_test" name="test_create_campaign_sets_progress_zero" time="0.105" /><testcase classname="backend.tests.backend_test" name="test_list_campaigns" time="0.051" /><testcase classname="backend.tests.backend_test" name="test_get_campaign_not_found" time="0.047" /><testcase classname="backend.tests.backend_test" name="test_checkout_invalid_tier" time="0.054" /><testcase classname="backend.tests.backend_test" name="test_checkout_campaign_not_found" time="0.047" /><testcase classname="backend.tests.backend_test" name="test_pledge_increments_and_funds" time="0.257" /><testcase classname="backend.tests.backend_test" name="test_pledge_idempotency_no_double_credit" time="0.281" /><testcase classname="backend.tests.backend_test" name="test_stripe_checkout_returns_url_and_session" time="0.540" /><testcase classname="backend.tests.backend_test" name="test_stripe_status_pending_for_unpaid" time="0.212" /><testcase classname="backend.tests.backend_test" name="test_stripe_status_unknown_session_404" time="0.055" /><testcase classname="backend.tests.backend_test" name="test_stripe_checkout_does_not_credit_campaign" time="0.564" /></testsuite></testsuites>